<?xml version="1.0" encoding="UTF-8"?>
<testng-results skipped="0" failed="0" total="2" passed="2">
  <reporter-output>
    <line>
      <![CDATA[Called Function : [readPropertyFile] with parameters [filePath]=>.//config/env.properties]]>
    </line>
    <line>
      <![CDATA[Called Function : [readPropertyFile] with parameters [filePath]=>.//resources/testdata/insuranceAgent/testLogin.properties]]>
    </line>
    <line>
      <![CDATA[Called Function : [openURL] with parameters [URL]=>http://parabank.parasoft.com]]>
    </line>
    <line>
      <![CDATA[Called Function : [configureDriver] with parameters [none]=>None]]>
    </line>
    <line>
      <![CDATA[Called Function : [loginToApplication] with parameters [userName],[password]=>john,demo]]>
    </line>
    <line>
      <![CDATA[Called Function : [findElement] with parameters [elementLocator]=>By.name: username]]>
    </line>
    <line>
      <![CDATA[Called Function : [fluentWait] with parameters [locator]=>By.name: username]]>
    </line>
    <line>
      <![CDATA[Called Function : [isElementVisible] with parameters [locator]=>By.name: username]]>
    </line>
    <line>
      <![CDATA[Element has been Found]]>
    </line>
    <line>
      <![CDATA[Called Function : [findElement] with parameters [elementLocator]=>By.name: password]]>
    </line>
    <line>
      <![CDATA[Called Function : [fluentWait] with parameters [locator]=>By.name: password]]>
    </line>
    <line>
      <![CDATA[Called Function : [isElementVisible] with parameters [locator]=>By.name: password]]>
    </line>
    <line>
      <![CDATA[Element has been Found]]>
    </line>
    <line>
      <![CDATA[Called Function : [findElement] with parameters [elementLocator]=>By.xpath: //div[@class='login']/following::input[@class='button'or@type='submit']]]>
    </line>
    <line>
      <![CDATA[Called Function : [fluentWait] with parameters [locator]=>By.xpath: //div[@class='login']/following::input[@class='button'or@type='submit']]]>
    </line>
    <line>
      <![CDATA[Called Function : [isElementVisible] with parameters [locator]=>By.xpath: //div[@class='login']/following::input[@class='button'or@type='submit']]]>
    </line>
    <line>
      <![CDATA[Element has been Found]]>
    </line>
    <line>
      <![CDATA[Called Function : [findElement] with parameters [elementLocator]=>By.xpath: //a[text()='Log Out']]]>
    </line>
    <line>
      <![CDATA[Called Function : [fluentWait] with parameters [locator]=>By.xpath: //a[text()='Log Out']]]>
    </line>
    <line>
      <![CDATA[Called Function : [isElementVisible] with parameters [locator]=>By.xpath: //a[text()='Log Out']]]>
    </line>
    <line>
      <![CDATA[Element has been Found]]>
    </line>
    <line>
      <![CDATA[called Fuction: [invalidTologin] with parameters [username], [password]=>demo,demo123]]>
    </line>
    <line>
      <![CDATA[Called Function : [findElement] with parameters [elementLocator]=>By.name: username]]>
    </line>
    <line>
      <![CDATA[Called Function : [fluentWait] with parameters [locator]=>By.name: username]]>
    </line>
    <line>
      <![CDATA[Called Function : [isElementVisible] with parameters [locator]=>By.name: username]]>
    </line>
    <line>
      <![CDATA[Element has been Found]]>
    </line>
    <line>
      <![CDATA[Called Function : [findElement] with parameters [elementLocator]=>By.name: password]]>
    </line>
    <line>
      <![CDATA[Called Function : [fluentWait] with parameters [locator]=>By.name: password]]>
    </line>
    <line>
      <![CDATA[Called Function : [isElementVisible] with parameters [locator]=>By.name: password]]>
    </line>
    <line>
      <![CDATA[Element has been Found]]>
    </line>
    <line>
      <![CDATA[Called Function : [findElement] with parameters [elementLocator]=>By.xpath: //div[@class='login']/following::input[@class='button'or@type='submit']]]>
    </line>
    <line>
      <![CDATA[Called Function : [fluentWait] with parameters [locator]=>By.xpath: //div[@class='login']/following::input[@class='button'or@type='submit']]]>
    </line>
    <line>
      <![CDATA[Called Function : [isElementVisible] with parameters [locator]=>By.xpath: //div[@class='login']/following::input[@class='button'or@type='submit']]]>
    </line>
    <line>
      <![CDATA[Element has been Found]]>
    </line>
    <line>
      <![CDATA[Called Function : [findElement] with parameters [elementLocator]=>By.className: error]]>
    </line>
    <line>
      <![CDATA[Called Function : [fluentWait] with parameters [locator]=>By.className: error]]>
    </line>
    <line>
      <![CDATA[Called Function : [isElementVisible] with parameters [locator]=>By.className: error]]>
    </line>
    <line>
      <![CDATA[Element has been Found]]>
    </line>
    <line>
      <![CDATA[Called Function : [closeCurrentBrowser]]]>
    </line>
    <line>
      <![CDATA[Called Function : [closeAllOpenBrowser]]]>
    </line>
  </reporter-output>
  <suite name="Default suite" duration-ms="16828" started-at="2017-09-06T18:03:54Z" finished-at="2017-09-06T18:04:11Z">
    <groups>
    </groups>
    <test name="Default test" duration-ms="16828" started-at="2017-09-06T18:03:54Z" finished-at="2017-09-06T18:04:11Z">
      <class name="com.ui.test.testScripts.testLogin">
        <test-method status="PASS" signature="setUp()[pri:0, instance:com.ui.test.testScripts.testLogin@62ee68d8]" name="setUp" is-config="true" duration-ms="8838" started-at="2017-09-06T23:33:54Z" finished-at="2017-09-06T23:34:03Z">
          <reporter-output>
            <line>
              <![CDATA[Called Function : [readPropertyFile] with parameters [filePath]=>.//config/env.properties]]>
            </line>
            <line>
              <![CDATA[Called Function : [readPropertyFile] with parameters [filePath]=>.//resources/testdata/insuranceAgent/testLogin.properties]]>
            </line>
            <line>
              <![CDATA[Called Function : [openURL] with parameters [URL]=>http://parabank.parasoft.com]]>
            </line>
            <line>
              <![CDATA[Called Function : [configureDriver] with parameters [none]=>None]]>
            </line>
          </reporter-output>
        </test-method> <!-- setUp -->
        <test-method status="PASS" signature="testValidLogin()[pri:0, instance:com.ui.test.testScripts.testLogin@62ee68d8]" name="testValidLogin" duration-ms="5697" started-at="2017-09-06T23:34:03Z" description="To Test login functionality with Valid Username and Password" finished-at="2017-09-06T23:34:09Z">
          <reporter-output>
            <line>
              <![CDATA[Called Function : [loginToApplication] with parameters [userName],[password]=>john,demo]]>
            </line>
            <line>
              <![CDATA[Called Function : [findElement] with parameters [elementLocator]=>By.name: username]]>
            </line>
            <line>
              <![CDATA[Called Function : [fluentWait] with parameters [locator]=>By.name: username]]>
            </line>
            <line>
              <![CDATA[Called Function : [isElementVisible] with parameters [locator]=>By.name: username]]>
            </line>
            <line>
              <![CDATA[Element has been Found]]>
            </line>
            <line>
              <![CDATA[Called Function : [findElement] with parameters [elementLocator]=>By.name: password]]>
            </line>
            <line>
              <![CDATA[Called Function : [fluentWait] with parameters [locator]=>By.name: password]]>
            </line>
            <line>
              <![CDATA[Called Function : [isElementVisible] with parameters [locator]=>By.name: password]]>
            </line>
            <line>
              <![CDATA[Element has been Found]]>
            </line>
            <line>
              <![CDATA[Called Function : [findElement] with parameters [elementLocator]=>By.xpath: //div[@class='login']/following::input[@class='button'or@type='submit']]]>
            </line>
            <line>
              <![CDATA[Called Function : [fluentWait] with parameters [locator]=>By.xpath: //div[@class='login']/following::input[@class='button'or@type='submit']]]>
            </line>
            <line>
              <![CDATA[Called Function : [isElementVisible] with parameters [locator]=>By.xpath: //div[@class='login']/following::input[@class='button'or@type='submit']]]>
            </line>
            <line>
              <![CDATA[Element has been Found]]>
            </line>
            <line>
              <![CDATA[Called Function : [findElement] with parameters [elementLocator]=>By.xpath: //a[text()='Log Out']]]>
            </line>
            <line>
              <![CDATA[Called Function : [fluentWait] with parameters [locator]=>By.xpath: //a[text()='Log Out']]]>
            </line>
            <line>
              <![CDATA[Called Function : [isElementVisible] with parameters [locator]=>By.xpath: //a[text()='Log Out']]]>
            </line>
            <line>
              <![CDATA[Element has been Found]]>
            </line>
          </reporter-output>
        </test-method> <!-- testValidLogin -->
        <test-method status="PASS" signature="testinvalidLogin()[pri:0, instance:com.ui.test.testScripts.testLogin@62ee68d8]" name="testinvalidLogin" duration-ms="855" started-at="2017-09-06T23:34:09Z" description="To Test invalid login fuctionality" finished-at="2017-09-06T23:34:10Z">
          <reporter-output>
            <line>
              <![CDATA[called Fuction: [invalidTologin] with parameters [username], [password]=>demo,demo123]]>
            </line>
            <line>
              <![CDATA[Called Function : [findElement] with parameters [elementLocator]=>By.name: username]]>
            </line>
            <line>
              <![CDATA[Called Function : [fluentWait] with parameters [locator]=>By.name: username]]>
            </line>
            <line>
              <![CDATA[Called Function : [isElementVisible] with parameters [locator]=>By.name: username]]>
            </line>
            <line>
              <![CDATA[Element has been Found]]>
            </line>
            <line>
              <![CDATA[Called Function : [findElement] with parameters [elementLocator]=>By.name: password]]>
            </line>
            <line>
              <![CDATA[Called Function : [fluentWait] with parameters [locator]=>By.name: password]]>
            </line>
            <line>
              <![CDATA[Called Function : [isElementVisible] with parameters [locator]=>By.name: password]]>
            </line>
            <line>
              <![CDATA[Element has been Found]]>
            </line>
            <line>
              <![CDATA[Called Function : [findElement] with parameters [elementLocator]=>By.xpath: //div[@class='login']/following::input[@class='button'or@type='submit']]]>
            </line>
            <line>
              <![CDATA[Called Function : [fluentWait] with parameters [locator]=>By.xpath: //div[@class='login']/following::input[@class='button'or@type='submit']]]>
            </line>
            <line>
              <![CDATA[Called Function : [isElementVisible] with parameters [locator]=>By.xpath: //div[@class='login']/following::input[@class='button'or@type='submit']]]>
            </line>
            <line>
              <![CDATA[Element has been Found]]>
            </line>
            <line>
              <![CDATA[Called Function : [findElement] with parameters [elementLocator]=>By.className: error]]>
            </line>
            <line>
              <![CDATA[Called Function : [fluentWait] with parameters [locator]=>By.className: error]]>
            </line>
            <line>
              <![CDATA[Called Function : [isElementVisible] with parameters [locator]=>By.className: error]]>
            </line>
            <line>
              <![CDATA[Element has been Found]]>
            </line>
          </reporter-output>
        </test-method> <!-- testinvalidLogin -->
        <test-method status="PASS" signature="tearDown()[pri:0, instance:com.ui.test.testScripts.testLogin@62ee68d8]" name="tearDown" is-config="true" duration-ms="1427" started-at="2017-09-06T23:34:10Z" finished-at="2017-09-06T23:34:11Z">
          <reporter-output>
            <line>
              <![CDATA[Called Function : [closeCurrentBrowser]]]>
            </line>
            <line>
              <![CDATA[Called Function : [closeAllOpenBrowser]]]>
            </line>
          </reporter-output>
        </test-method> <!-- tearDown -->
      </class> <!-- com.ui.test.testScripts.testLogin -->
    </test> <!-- Default test -->
  </suite> <!-- Default suite -->
</testng-results>
